This file contains any messages produced by compilers while
running configure, to aid debugging if configure makes a mistake.

It was created by librcsc configure 2024, which was
generated by GNU Autoconf 2.71.  Invocation command line was

  $ ./configure --prefix=/workspaces/robocup-simulation/installs --disable-unit-test

## --------- ##
## Platform. ##
## --------- ##

hostname = codespaces-42f768
uname -m = x86_64
uname -r = 6.8.0-1044-azure
uname -s = Linux
uname -v = #50~22.04.1-Ubuntu SMP Wed Dec  3 15:13:22 UTC 2025

/usr/bin/uname -p = x86_64
/bin/uname -X     = unknown

/bin/arch              = x86_64
/usr/bin/arch -k       = unknown
/usr/convex/getsysinfo = unknown
/usr/bin/hostinfo      = unknown
/bin/machine           = unknown
/usr/bin/oslevel       = unknown
/bin/universe          = unknown

PATH: /vscode/bin/linux-x64/cfbea10c5ffb233ea9177d34726e6056e89913dc/bin/remote-cli/
PATH: /workspaces/robocup-simulation/installs/bin/
PATH: /usr/local/sbin/
PATH: /usr/local/bin/
PATH: /usr/sbin/
PATH: /usr/bin/
PATH: /sbin/
PATH: /bin/
PATH: /home/vscode/.local/bin/


## ----------- ##
## Core tests. ##
## ----------- ##

configure:2991: looking for aux files: compile config.guess config.sub ltmain.sh missing install-sh
configure:3004:  trying ./config/
configure:3033:   ./config/compile found
configure:3033:   ./config/config.guess found
configure:3033:   ./config/config.sub found
configure:3033:   ./config/ltmain.sh found
configure:3033:   ./config/missing found
configure:3015:   ./config/install-sh found
configure:3174: checking for a BSD-compatible install
configure:3247: result: /usr/bin/install -c
configure:3258: checking whether build environment is sane
configure:3313: result: yes
configure:3472: checking for a race-free mkdir -p
configure:3516: result: /usr/bin/mkdir -p
configure:3523: checking for gawk
configure:3558: result: no
configure:3523: checking for mawk
configure:3544: found /usr/bin/mawk
configure:3555: result: mawk
configure:3566: checking whether make sets $(MAKE)
configure:3589: result: yes
configure:3619: checking whether make supports nested variables
configure:3637: result: yes
configure:3818: checking build system type
configure:3833: result: x86_64-pc-linux-gnu
configure:3853: checking host system type
configure:3867: result: x86_64-pc-linux-gnu
configure:3908: checking how to print strings
configure:3935: result: printf
configure:3969: checking whether make supports the include directive
configure:3984: make -f confmf.GNU && cat confinc.out
this is the am__doit target
configure:3987: $? = 0
configure:4006: result: yes (GNU style)
configure:4082: checking for gcc
configure:4103: found /usr/bin/gcc
configure:4114: result: gcc
configure:4467: checking for C compiler version
configure:4476: gcc --version >&5
gcc (Ubuntu 11.4.0-1ubuntu1~22.04.3) 11.4.0
Copyright (C) 2021 Free Software Foundation, Inc.
This is free software; see the source for copying conditions.  There is NO
warranty; not even for MERCHANTABILITY or FITNESS FOR A PARTICULAR PURPOSE.

configure:4487: $? = 0
configure:4476: gcc -v >&5
Using built-in specs.
COLLECT_GCC=gcc
COLLECT_LTO_WRAPPER=/usr/lib/gcc/x86_64-linux-gnu/11/lto-wrapper
OFFLOAD_TARGET_NAMES=nvptx-none:amdgcn-amdhsa
OFFLOAD_TARGET_DEFAULT=1
Target: x86_64-linux-gnu
Configured with: ../src/configure -v --with-pkgversion='Ubuntu 11.4.0-1ubuntu1~22.04.3' --with-bugurl=file:///usr/share/doc/gcc-11/README.Bugs --enable-languages=c,ada,c++,go,brig,d,fortran,objc,obj-c++,m2 --prefix=/usr --with-gcc-major-version-only --program-suffix=-11 --program-prefix=x86_64-linux-gnu- --enable-shared --enable-linker-build-id --libexecdir=/usr/lib --without-included-gettext --enable-threads=posix --libdir=/usr/lib --enable-nls --enable-bootstrap --enable-clocale=gnu --enable-libstdcxx-debug --enable-libstdcxx-time=yes --with-default-libstdcxx-abi=new --enable-gnu-unique-object --disable-vtable-verify --enable-plugin --enable-default-pie --with-system-zlib --enable-libphobos-checking=release --with-target-system-zlib=auto --enable-objc-gc=auto --enable-multiarch --disable-werror --enable-cet --with-arch-32=i686 --with-abi=m64 --with-multilib-list=m32,m64,mx32 --enable-multilib --with-tune=generic --enable-offload-targets=nvptx-none=/build/gcc-11-0odw26/gcc-11-11.4.0/debian/tmp-nvptx/usr,amdgcn-amdhsa=/build/gcc-11-0odw26/gcc-11-11.4.0/debian/tmp-gcn/usr --without-cuda-driver --enable-checking=release --build=x86_64-linux-gnu --host=x86_64-linux-gnu --target=x86_64-linux-gnu --with-build-config=bootstrap-lto-lean --enable-link-serialization=2
Thread model: posix
Supported LTO compression algorithms: zlib zstd
gcc version 11.4.0 (Ubuntu 11.4.0-1ubuntu1~22.04.3) 
... rest of stderr output deleted ...
configure:4487: $? = 0
configure:4476: gcc -V >&5
gcc: error: unrecognized command-line option '-V'
gcc: fatal error: no input files
compilation terminated.
configure:4487: $? = 1
configure:4476: gcc -qversion >&5
gcc: error: unrecognized command-line option '-qversion'; did you mean '--version'?
gcc: fatal error: no input files
compilation terminated.
configure:4487: $? = 1
configure:4476: gcc -version >&5
gcc: error: unrecognized command-line option '-version'
gcc: fatal error: no input files
compilation terminated.
configure:4487: $? = 1
configure:4507: checking whether the C compiler works
configure:4529: gcc    conftest.c  >&5
configure:4533: $? = 0
configure:4583: result: yes
configure:4586: checking for C compiler default output file name
configure:4588: result: a.out
configure:4594: checking for suffix of executables
configure:4601: gcc -o conftest    conftest.c  >&5
configure:4605: $? = 0
configure:4628: result: 
configure:4650: checking whether we are cross compiling
configure:4658: gcc -o conftest    conftest.c  >&5
configure:4662: $? = 0
configure:4669: ./conftest
configure:4673: $? = 0
configure:4688: result: no
configure:4693: checking for suffix of object files
configure:4716: gcc -c   conftest.c >&5
configure:4720: $? = 0
configure:4742: result: o
configure:4746: checking whether the compiler supports GNU C
configure:4766: gcc -c   conftest.c >&5
configure:4766: $? = 0
configure:4776: result: yes
configure:4787: checking whether gcc accepts -g
configure:4808: gcc -c -g  conftest.c >&5
configure:4808: $? = 0
configure:4852: result: yes
configure:4872: checking for gcc option to enable C11 features
configure:4887: gcc  -c -g -O2  conftest.c >&5
configure:4887: $? = 0
configure:4905: result: none needed
configure:5021: checking whether gcc understands -c and -o together
configure:5044: gcc -c conftest.c -o conftest2.o
configure:5047: $? = 0
configure:5044: gcc -c conftest.c -o conftest2.o
configure:5047: $? = 0
configure:5059: result: yes
configure:5078: checking dependency style of gcc
configure:5190: result: gcc3
configure:5205: checking for a sed that does not truncate output
configure:5275: result: /usr/bin/sed
configure:5293: checking for grep that handles long lines and -e
configure:5357: result: /usr/bin/grep
configure:5362: checking for egrep
configure:5430: result: /usr/bin/grep -E
configure:5435: checking for fgrep
configure:5503: result: /usr/bin/grep -F
configure:5539: checking for ld used by gcc
configure:5607: result: /usr/bin/ld
configure:5614: checking if the linker (/usr/bin/ld) is GNU ld
configure:5630: result: yes
configure:5642: checking for BSD- or MS-compatible name lister (nm)
configure:5697: result: /usr/bin/nm -B
configure:5837: checking the name lister (/usr/bin/nm -B) interface
configure:5845:  -c   conftest.cpp >&5
./configure: line 5846: -c: command not found
configure:5848: /usr/bin/nm -B "conftest.o"
/usr/bin/nm: 'conftest.o': No such file
configure:5851: output
configure:5858: result: BSD nm
configure:5861: checking whether ln -s works
configure:5865: result: yes
configure:5873: checking the maximum length of command line arguments
configure:6005: result: 1572864
configure:6053: checking how to convert x86_64-pc-linux-gnu file names to x86_64-pc-linux-gnu format
configure:6094: result: func_convert_file_noop
configure:6101: checking how to convert x86_64-pc-linux-gnu file names to toolchain format
configure:6122: result: func_convert_file_noop
configure:6129: checking for /usr/bin/ld option to reload object files
configure:6137: result: -r
configure:6216: checking for objdump
configure:6237: found /usr/bin/objdump
configure:6248: result: objdump
configure:6280: checking how to recognize dependent libraries
configure:6481: result: pass_all
configure:6571: checking for dlltool
configure:6606: result: no
configure:6636: checking how to associate runtime and link libraries
configure:6664: result: printf %s\n
configure:6744: checking for g++
configure:6765: found /usr/bin/g++
configure:6776: result: g++
configure:6803: checking for C++ compiler version
configure:6812: g++ --version >&5
g++ (Ubuntu 11.4.0-1ubuntu1~22.04.3) 11.4.0
Copyright (C) 2021 Free Software Foundation, Inc.
This is free software; see the source for copying conditions.  There is NO
warranty; not even for MERCHANTABILITY or FITNESS FOR A PARTICULAR PURPOSE.

configure:6823: $? = 0
configure:6812: g++ -v >&5
Using built-in specs.
COLLECT_GCC=g++
COLLECT_LTO_WRAPPER=/usr/lib/gcc/x86_64-linux-gnu/11/lto-wrapper
OFFLOAD_TARGET_NAMES=nvptx-none:amdgcn-amdhsa
OFFLOAD_TARGET_DEFAULT=1
Target: x86_64-linux-gnu
Configured with: ../src/configure -v --with-pkgversion='Ubuntu 11.4.0-1ubuntu1~22.04.3' --with-bugurl=file:///usr/share/doc/gcc-11/README.Bugs --enable-languages=c,ada,c++,go,brig,d,fortran,objc,obj-c++,m2 --prefix=/usr --with-gcc-major-version-only --program-suffix=-11 --program-prefix=x86_64-linux-gnu- --enable-shared --enable-linker-build-id --libexecdir=/usr/lib --without-included-gettext --enable-threads=posix --libdir=/usr/lib --enable-nls --enable-bootstrap --enable-clocale=gnu --enable-libstdcxx-debug --enable-libstdcxx-time=yes --with-default-libstdcxx-abi=new --enable-gnu-unique-object --disable-vtable-verify --enable-plugin --enable-default-pie --with-system-zlib --enable-libphobos-checking=release --with-target-system-zlib=auto --enable-objc-gc=auto --enable-multiarch --disable-werror --enable-cet --with-arch-32=i686 --with-abi=m64 --with-multilib-list=m32,m64,mx32 --enable-multilib --with-tune=generic --enable-offload-targets=nvptx-none=/build/gcc-11-0odw26/gcc-11-11.4.0/debian/tmp-nvptx/usr,amdgcn-amdhsa=/build/gcc-11-0odw26/gcc-11-11.4.0/debian/tmp-gcn/usr --without-cuda-driver --enable-checking=release --build=x86_64-linux-gnu --host=x86_64-linux-gnu --target=x86_64-linux-gnu --with-build-config=bootstrap-lto-lean --enable-link-serialization=2
Thread model: posix
Supported LTO compression algorithms: zlib zstd
gcc version 11.4.0 (Ubuntu 11.4.0-1ubuntu1~22.04.3) 
... rest of stderr output deleted ...
configure:6823: $? = 0
configure:6812: g++ -V >&5
g++: error: unrecognized command-line option '-V'
g++: fatal error: no input files
compilation terminated.
configure:6823: $? = 1
configure:6812: g++ -qversion >&5
g++: error: unrecognized command-line option '-qversion'; did you mean '--version'?
g++: fatal error: no input files
compilation terminated.
configure:6823: $? = 1
configure:6827: checking whether the compiler supports GNU C++
configure:6847: g++ -c   conftest.cpp >&5
configure:6847: $? = 0
configure:6857: result: yes
configure:6868: checking whether g++ accepts -g
configure:6889: g++ -c -g  conftest.cpp >&5
configure:6889: $? = 0
configure:6933: result: yes
configure:6953: checking for g++ option to enable C++11 features
configure:6968: g++  -c -g -O2  conftest.cpp >&5
conftest.cpp: In function 'int main(int, char**)':
conftest.cpp:177:25: warning: empty parentheses were disambiguated as a function declaration [-Wvexing-parse]
  177 |   cxx11test::delegate d2();
      |                         ^~
conftest.cpp:177:25: note: remove parentheses to default-initialize a variable
  177 |   cxx11test::delegate d2();
      |                         ^~
      |                         --
conftest.cpp:177:25: note: or replace parentheses with braces to value-initialize a variable
configure:6968: $? = 0
configure:6986: result: none needed
configure:7052: checking dependency style of g++
configure:7164: result: gcc3
configure:7234: checking for ar
configure:7255: found /usr/bin/ar
configure:7266: result: ar
configure:7303: checking for archiver @FILE support
configure:7321: g++ -c -g -O2  conftest.cpp >&5
configure:7321: $? = 0
configure:7325: ar cr libconftest.a @conftest.lst >&5
configure:7328: $? = 0
configure:7333: ar cr libconftest.a @conftest.lst >&5
ar: conftest.o: No such file or directory
configure:7336: $? = 1
configure:7348: result: @
configure:7411: checking for strip
configure:7432: found /usr/bin/strip
configure:7443: result: strip
configure:7520: checking for ranlib
configure:7541: found /usr/bin/ranlib
configure:7552: result: ranlib
configure:7654: checking command to parse /usr/bin/nm -B output from gcc object
configure:7808: g++ -c -g -O2  conftest.cpp >&5
configure:7811: $? = 0
configure:7815: /usr/bin/nm -B conftest.o | sed -n -e 's/^.*[	 ]\([ABCDGIRSTW][ABCDGIRSTW]*\)[	 ][	 ]*\([_A-Za-z][_A-Za-z0-9]*\)$/\1 \2 \2/p' | sed '/ __gnu_lto/d' > conftest.nm
configure:7881: g++ -o conftest -g -O2   conftest.cpp conftstm.o >&5
configure:7884: $? = 0
configure:7922: result: ok
configure:7969: checking for sysroot
configure:8000: result: no
configure:8007: checking for a working dd
configure:8051: result: /usr/bin/dd
configure:8055: checking how to truncate binary pipes
configure:8071: result: /usr/bin/dd bs=4096 count=1
configure:8209: g++ -c -g -O2  conftest.cpp >&5
configure:8212: $? = 0
configure:8409: checking for mt
configure:8444: result: no
configure:8464: checking if : is a manifest tool
configure:8471: : '-?'
configure:8479: result: no
configure:9209: checking for stdio.h
configure:9209: g++ -c -g -O2  conftest.cpp >&5
configure:9209: $? = 0
configure:9209: result: yes
configure:9209: checking for stdlib.h
configure:9209: g++ -c -g -O2  conftest.cpp >&5
configure:9209: $? = 0
configure:9209: result: yes
configure:9209: checking for string.h
configure:9209: g++ -c -g -O2  conftest.cpp >&5
configure:9209: $? = 0
configure:9209: result: yes
configure:9209: checking for inttypes.h
configure:9209: g++ -c -g -O2  conftest.cpp >&5
configure:9209: $? = 0
configure:9209: result: yes
configure:9209: checking for stdint.h
configure:9209: g++ -c -g -O2  conftest.cpp >&5
configure:9209: $? = 0
configure:9209: result: yes
configure:9209: checking for strings.h
configure:9209: g++ -c -g -O2  conftest.cpp >&5
configure:9209: $? = 0
configure:9209: result: yes
configure:9209: checking for sys/stat.h
configure:9209: g++ -c -g -O2  conftest.cpp >&5
configure:9209: $? = 0
configure:9209: result: yes
configure:9209: checking for sys/types.h
configure:9209: g++ -c -g -O2  conftest.cpp >&5
configure:9209: $? = 0
configure:9209: result: yes
configure:9209: checking for unistd.h
configure:9209: g++ -c -g -O2  conftest.cpp >&5
configure:9209: $? = 0
configure:9209: result: yes
configure:9234: checking for dlfcn.h
configure:9234: g++ -c -g -O2  conftest.cpp >&5
configure:9234: $? = 0
configure:9234: result: yes
configure:9501: checking for objdir
configure:9517: result: .libs
configure:9781: checking if gcc supports -fno-rtti -fno-exceptions
configure:9800: gcc -c -g -O2  -fno-rtti -fno-exceptions conftest.c >&5
cc1: warning: command-line option '-fno-rtti' is valid for C++/D/ObjC++ but not for C
configure:9804: $? = 0
configure:9817: result: no
configure:10181: checking for gcc option to produce PIC
configure:10189: result: -fPIC -DPIC
configure:10197: checking if gcc PIC flag -fPIC -DPIC works
configure:10216: gcc -c -g -O2  -fPIC -DPIC -DPIC conftest.c >&5
configure:10220: $? = 0
configure:10233: result: yes
configure:10262: checking if gcc static flag -static works
configure:10291: result: yes
configure:10306: checking if gcc supports -c -o file.o
configure:10328: gcc -c -g -O2  -o out/conftest2.o conftest.c >&5
configure:10332: $? = 0
configure:10354: result: yes
configure:10362: checking if gcc supports -c -o file.o
configure:10410: result: yes
configure:10443: checking whether the gcc linker (/usr/bin/ld -m elf_x86_64) supports shared libraries
configure:11713: result: yes
configure:11750: checking whether -lc should be explicitly linked in
configure:11759: gcc -c -g -O2  conftest.c >&5
configure:11762: $? = 0
configure:11777: gcc -shared  -fPIC -DPIC conftest.o  -v -Wl,-soname -Wl,conftest -o conftest 2\>\&1 \| /usr/bin/grep  -lc  \>/dev/null 2\>\&1
configure:11780: $? = 0
configure:11794: result: no
configure:11954: checking dynamic linker characteristics
configure:12536: gcc -o conftest -g -O2   -Wl,-rpath -Wl,/foo conftest.c  >&5
configure:12536: $? = 0
configure:12787: result: GNU/Linux ld.so
configure:12909: checking how to hardcode library paths into programs
configure:12934: result: immediate
configure:13486: checking whether stripping libraries is possible
configure:13491: result: yes
configure:13526: checking if libtool supports shared libraries
configure:13528: result: yes
configure:13531: checking whether to build shared libraries
configure:13556: result: yes
configure:13559: checking whether to build static libraries
configure:13563: result: no
configure:13586: checking how to run the C++ preprocessor
configure:13608: g++ -E  conftest.cpp
configure:13608: $? = 0
configure:13623: g++ -E  conftest.cpp
conftest.cpp:23:10: fatal error: ac_nonexistent.h: No such file or directory
   23 | #include <ac_nonexistent.h>
      |          ^~~~~~~~~~~~~~~~~~
compilation terminated.
configure:13623: $? = 1
configure: failed program was:
| /* confdefs.h */
| #define PACKAGE_NAME "librcsc"
| #define PACKAGE_TARNAME "librcsc"
| #define PACKAGE_VERSION "2024"
| #define PACKAGE_STRING "librcsc 2024"
| #define PACKAGE_BUGREPORT "akky@users.sourceforge.jp"
| #define PACKAGE_URL ""
| #define PACKAGE "librcsc"
| #define VERSION "2024"
| #define HAVE_STDIO_H 1
| #define HAVE_STDLIB_H 1
| #define HAVE_STRING_H 1
| #define HAVE_INTTYPES_H 1
| #define HAVE_STDINT_H 1
| #define HAVE_STRINGS_H 1
| #define HAVE_SYS_STAT_H 1
| #define HAVE_SYS_TYPES_H 1
| #define HAVE_UNISTD_H 1
| #define STDC_HEADERS 1
| #define HAVE_DLFCN_H 1
| #define LT_OBJDIR ".libs/"
| /* end confdefs.h.  */
| #include <ac_nonexistent.h>
configure:13650: result: g++ -E
configure:13664: g++ -E  conftest.cpp
configure:13664: $? = 0
configure:13679: g++ -E  conftest.cpp
conftest.cpp:23:10: fatal error: ac_nonexistent.h: No such file or directory
   23 | #include <ac_nonexistent.h>
      |          ^~~~~~~~~~~~~~~~~~
compilation terminated.
configure:13679: $? = 1
configure: failed program was:
| /* confdefs.h */
| #define PACKAGE_NAME "librcsc"
| #define PACKAGE_TARNAME "librcsc"
| #define PACKAGE_VERSION "2024"
| #define PACKAGE_STRING "librcsc 2024"
| #define PACKAGE_BUGREPORT "akky@users.sourceforge.jp"
| #define PACKAGE_URL ""
| #define PACKAGE "librcsc"
| #define VERSION "2024"
| #define HAVE_STDIO_H 1
| #define HAVE_STDLIB_H 1
| #define HAVE_STRING_H 1
| #define HAVE_INTTYPES_H 1
| #define HAVE_STDINT_H 1
| #define HAVE_STRINGS_H 1
| #define HAVE_SYS_STAT_H 1
| #define HAVE_SYS_TYPES_H 1
| #define HAVE_UNISTD_H 1
| #define STDC_HEADERS 1
| #define HAVE_DLFCN_H 1
| #define LT_OBJDIR ".libs/"
| /* end confdefs.h.  */
| #include <ac_nonexistent.h>
configure:13844: checking for ld used by g++
configure:13912: result: /usr/bin/ld -m elf_x86_64
configure:13919: checking if the linker (/usr/bin/ld -m elf_x86_64) is GNU ld
configure:13935: result: yes
configure:13990: checking whether the g++ linker (/usr/bin/ld -m elf_x86_64) supports shared libraries
configure:15067: result: yes
configure:15103: g++ -c -g -O2  conftest.cpp >&5
configure:15106: $? = 0
configure:15587: checking for g++ option to produce PIC
configure:15595: result: -fPIC -DPIC
configure:15603: checking if g++ PIC flag -fPIC -DPIC works
configure:15622: g++ -c -g -O2  -fPIC -DPIC -DPIC conftest.cpp >&5
configure:15626: $? = 0
configure:15639: result: yes
configure:15662: checking if g++ static flag -static works
configure:15691: result: yes
configure:15703: checking if g++ supports -c -o file.o
configure:15725: g++ -c -g -O2  -o out/conftest2.o conftest.cpp >&5
configure:15729: $? = 0
configure:15751: result: yes
configure:15756: checking if g++ supports -c -o file.o
configure:15804: result: yes
configure:15834: checking whether the g++ linker (/usr/bin/ld -m elf_x86_64) supports shared libraries
configure:15877: result: yes
configure:16019: checking dynamic linker characteristics
configure:16779: result: GNU/Linux ld.so
configure:16844: checking how to hardcode library paths into programs
configure:16869: result: immediate
configure:17062: checking for C++ compiler version
configure:17071: g++ --version >&5
g++ (Ubuntu 11.4.0-1ubuntu1~22.04.3) 11.4.0
Copyright (C) 2021 Free Software Foundation, Inc.
This is free software; see the source for copying conditions.  There is NO
warranty; not even for MERCHANTABILITY or FITNESS FOR A PARTICULAR PURPOSE.

configure:17082: $? = 0
configure:17071: g++ -v >&5
Using built-in specs.
COLLECT_GCC=g++
COLLECT_LTO_WRAPPER=/usr/lib/gcc/x86_64-linux-gnu/11/lto-wrapper
OFFLOAD_TARGET_NAMES=nvptx-none:amdgcn-amdhsa
OFFLOAD_TARGET_DEFAULT=1
Target: x86_64-linux-gnu
Configured with: ../src/configure -v --with-pkgversion='Ubuntu 11.4.0-1ubuntu1~22.04.3' --with-bugurl=file:///usr/share/doc/gcc-11/README.Bugs --enable-languages=c,ada,c++,go,brig,d,fortran,objc,obj-c++,m2 --prefix=/usr --with-gcc-major-version-only --program-suffix=-11 --program-prefix=x86_64-linux-gnu- --enable-shared --enable-linker-build-id --libexecdir=/usr/lib --without-included-gettext --enable-threads=posix --libdir=/usr/lib --enable-nls --enable-bootstrap --enable-clocale=gnu --enable-libstdcxx-debug --enable-libstdcxx-time=yes --with-default-libstdcxx-abi=new --enable-gnu-unique-object --disable-vtable-verify --enable-plugin --enable-default-pie --with-system-zlib --enable-libphobos-checking=release --with-target-system-zlib=auto --enable-objc-gc=auto --enable-multiarch --disable-werror --enable-cet --with-arch-32=i686 --with-abi=m64 --with-multilib-list=m32,m64,mx32 --enable-multilib --with-tune=generic --enable-offload-targets=nvptx-none=/build/gcc-11-0odw26/gcc-11-11.4.0/debian/tmp-nvptx/usr,amdgcn-amdhsa=/build/gcc-11-0odw26/gcc-11-11.4.0/debian/tmp-gcn/usr --without-cuda-driver --enable-checking=release --build=x86_64-linux-gnu --host=x86_64-linux-gnu --target=x86_64-linux-gnu --with-build-config=bootstrap-lto-lean --enable-link-serialization=2
Thread model: posix
Supported LTO compression algorithms: zlib zstd
gcc version 11.4.0 (Ubuntu 11.4.0-1ubuntu1~22.04.3) 
... rest of stderr output deleted ...
configure:17082: $? = 0
configure:17071: g++ -V >&5
g++: error: unrecognized command-line option '-V'
g++: fatal error: no input files
compilation terminated.
configure:17082: $? = 1
configure:17071: g++ -qversion >&5
g++: error: unrecognized command-line option '-qversion'; did you mean '--version'?
g++: fatal error: no input files
compilation terminated.
configure:17082: $? = 1
configure:17086: checking whether the compiler supports GNU C++
configure:17116: result: yes
configure:17127: checking whether g++ accepts -g
configure:17192: result: yes
configure:17212: checking for g++ option to enable C++11 features
configure:17245: result: none needed
configure:17311: checking dependency style of g++
configure:17423: result: gcc3
configure:17491: checking for gcc
configure:17523: result: gcc
configure:17876: checking for C compiler version
configure:17885: gcc --version >&5
gcc (Ubuntu 11.4.0-1ubuntu1~22.04.3) 11.4.0
Copyright (C) 2021 Free Software Foundation, Inc.
This is free software; see the source for copying conditions.  There is NO
warranty; not even for MERCHANTABILITY or FITNESS FOR A PARTICULAR PURPOSE.

configure:17896: $? = 0
configure:17885: gcc -v >&5
Using built-in specs.
COLLECT_GCC=gcc
COLLECT_LTO_WRAPPER=/usr/lib/gcc/x86_64-linux-gnu/11/lto-wrapper
OFFLOAD_TARGET_NAMES=nvptx-none:amdgcn-amdhsa
OFFLOAD_TARGET_DEFAULT=1
Target: x86_64-linux-gnu
Configured with: ../src/configure -v --with-pkgversion='Ubuntu 11.4.0-1ubuntu1~22.04.3' --with-bugurl=file:///usr/share/doc/gcc-11/README.Bugs --enable-languages=c,ada,c++,go,brig,d,fortran,objc,obj-c++,m2 --prefix=/usr --with-gcc-major-version-only --program-suffix=-11 --program-prefix=x86_64-linux-gnu- --enable-shared --enable-linker-build-id --libexecdir=/usr/lib --without-included-gettext --enable-threads=posix --libdir=/usr/lib --enable-nls --enable-bootstrap --enable-clocale=gnu --enable-libstdcxx-debug --enable-libstdcxx-time=yes --with-default-libstdcxx-abi=new --enable-gnu-unique-object --disable-vtable-verify --enable-plugin --enable-default-pie --with-system-zlib --enable-libphobos-checking=release --with-target-system-zlib=auto --enable-objc-gc=auto --enable-multiarch --disable-werror --enable-cet --with-arch-32=i686 --with-abi=m64 --with-multilib-list=m32,m64,mx32 --enable-multilib --with-tune=generic --enable-offload-targets=nvptx-none=/build/gcc-11-0odw26/gcc-11-11.4.0/debian/tmp-nvptx/usr,amdgcn-amdhsa=/build/gcc-11-0odw26/gcc-11-11.4.0/debian/tmp-gcn/usr --without-cuda-driver --enable-checking=release --build=x86_64-linux-gnu --host=x86_64-linux-gnu --target=x86_64-linux-gnu --with-build-config=bootstrap-lto-lean --enable-link-serialization=2
Thread model: posix
Supported LTO compression algorithms: zlib zstd
gcc version 11.4.0 (Ubuntu 11.4.0-1ubuntu1~22.04.3) 
... rest of stderr output deleted ...
configure:17896: $? = 0
configure:17885: gcc -V >&5
gcc: error: unrecognized command-line option '-V'
gcc: fatal error: no input files
compilation terminated.
configure:17896: $? = 1
configure:17885: gcc -qversion >&5
gcc: error: unrecognized command-line option '-qversion'; did you mean '--version'?
gcc: fatal error: no input files
compilation terminated.
configure:17896: $? = 1
configure:17885: gcc -version >&5
gcc: error: unrecognized command-line option '-version'
gcc: fatal error: no input files
compilation terminated.
configure:17896: $? = 1
configure:17900: checking whether the compiler supports GNU C
configure:17930: result: yes
configure:17941: checking whether gcc accepts -g
configure:18006: result: yes
configure:18026: checking for gcc option to enable C11 features
configure:18059: result: none needed
configure:18175: checking whether gcc understands -c and -o together
configure:18213: result: yes
configure:18232: checking dependency style of gcc
configure:18344: result: gcc3
configure:18364: checking how to run the C preprocessor
configure:18390: gcc -E  conftest.c
configure:18390: $? = 0
configure:18405: gcc -E  conftest.c
conftest.c:23:10: fatal error: ac_nonexistent.h: No such file or directory
   23 | #include <ac_nonexistent.h>
      |          ^~~~~~~~~~~~~~~~~~
compilation terminated.
configure:18405: $? = 1
configure: failed program was:
| /* confdefs.h */
| #define PACKAGE_NAME "librcsc"
| #define PACKAGE_TARNAME "librcsc"
| #define PACKAGE_VERSION "2024"
| #define PACKAGE_STRING "librcsc 2024"
| #define PACKAGE_BUGREPORT "akky@users.sourceforge.jp"
| #define PACKAGE_URL ""
| #define PACKAGE "librcsc"
| #define VERSION "2024"
| #define HAVE_STDIO_H 1
| #define HAVE_STDLIB_H 1
| #define HAVE_STRING_H 1
| #define HAVE_INTTYPES_H 1
| #define HAVE_STDINT_H 1
| #define HAVE_STRINGS_H 1
| #define HAVE_SYS_STAT_H 1
| #define HAVE_SYS_TYPES_H 1
| #define HAVE_UNISTD_H 1
| #define STDC_HEADERS 1
| #define HAVE_DLFCN_H 1
| #define LT_OBJDIR ".libs/"
| /* end confdefs.h.  */
| #include <ac_nonexistent.h>
configure:18432: result: gcc -E
configure:18446: gcc -E  conftest.c
configure:18446: $? = 0
configure:18461: gcc -E  conftest.c
conftest.c:23:10: fatal error: ac_nonexistent.h: No such file or directory
   23 | #include <ac_nonexistent.h>
      |          ^~~~~~~~~~~~~~~~~~
compilation terminated.
configure:18461: $? = 1
configure: failed program was:
| /* confdefs.h */
| #define PACKAGE_NAME "librcsc"
| #define PACKAGE_TARNAME "librcsc"
| #define PACKAGE_VERSION "2024"
| #define PACKAGE_STRING "librcsc 2024"
| #define PACKAGE_BUGREPORT "akky@users.sourceforge.jp"
| #define PACKAGE_URL ""
| #define PACKAGE "librcsc"
| #define VERSION "2024"
| #define HAVE_STDIO_H 1
| #define HAVE_STDLIB_H 1
| #define HAVE_STRING_H 1
| #define HAVE_INTTYPES_H 1
| #define HAVE_STDINT_H 1
| #define HAVE_STRINGS_H 1
| #define HAVE_SYS_STAT_H 1
| #define HAVE_SYS_TYPES_H 1
| #define HAVE_UNISTD_H 1
| #define STDC_HEADERS 1
| #define HAVE_DLFCN_H 1
| #define LT_OBJDIR ".libs/"
| /* end confdefs.h.  */
| #include <ac_nonexistent.h>
configure:18492: checking whether ln -s works
configure:18496: result: yes
configure:18503: checking whether make sets $(MAKE)
configure:18526: result: yes
configure:18540: checking for cos in -lm
configure:18562: g++ -o conftest -g -O2   conftest.cpp -lm   >&5
configure:18562: $? = 0
configure:18572: result: yes
configure:18582: checking for deflate in -lz
configure:18604: g++ -o conftest -g -O2   conftest.cpp -lz  -lm  >&5
configure:18604: $? = 0
configure:18614: result: yes
configure:18633: checking for arpa/inet.h
configure:18633: g++ -c -g -O2  conftest.cpp >&5
configure:18633: $? = 0
configure:18633: result: yes
configure:18645: checking for fcntl.h
configure:18645: g++ -c -g -O2  conftest.cpp >&5
configure:18645: $? = 0
configure:18645: result: yes
configure:18657: checking for netinet/in.h
configure:18657: g++ -c -g -O2  conftest.cpp >&5
configure:18657: $? = 0
configure:18657: result: yes
configure:18669: checking for netdb.h
configure:18669: g++ -c -g -O2  conftest.cpp >&5
configure:18669: $? = 0
configure:18669: result: yes
configure:18681: checking for sys/socket.h
configure:18681: g++ -c -g -O2  conftest.cpp >&5
configure:18681: $? = 0
configure:18681: result: yes
configure:18693: checking for sys/time.h
configure:18693: g++ -c -g -O2  conftest.cpp >&5
configure:18693: $? = 0
configure:18693: result: yes
configure:18705: checking for unistd.h
configure:18705: result: yes
configure:18720: checking for socklen_t
configure:18720: g++ -c -g -O2  conftest.cpp >&5
configure:18720: $? = 0
configure:18720: g++ -c -g -O2  conftest.cpp >&5
conftest.cpp: In function 'int main()':
conftest.cpp:40:23: error: expected primary-expression before ')' token
   40 | if (sizeof ((socklen_t)))
      |                       ^
configure:18720: $? = 1
configure: failed program was:
| /* confdefs.h */
| #define PACKAGE_NAME "librcsc"
| #define PACKAGE_TARNAME "librcsc"
| #define PACKAGE_VERSION "2024"
| #define PACKAGE_STRING "librcsc 2024"
| #define PACKAGE_BUGREPORT "akky@users.sourceforge.jp"
| #define PACKAGE_URL ""
| #define PACKAGE "librcsc"
| #define VERSION "2024"
| #define HAVE_STDIO_H 1
| #define HAVE_STDLIB_H 1
| #define HAVE_STRING_H 1
| #define HAVE_INTTYPES_H 1
| #define HAVE_STDINT_H 1
| #define HAVE_STRINGS_H 1
| #define HAVE_SYS_STAT_H 1
| #define HAVE_SYS_TYPES_H 1
| #define HAVE_UNISTD_H 1
| #define STDC_HEADERS 1
| #define HAVE_DLFCN_H 1
| #define LT_OBJDIR ".libs/"
| #define HAVE_LIBZ 1
| #define HAVE_ARPA_INET_H 1
| #define HAVE_FCNTL_H 1
| #define HAVE_NETINET_IN_H 1
| #define HAVE_NETDB_H 1
| #define HAVE_SYS_SOCKET_H 1
| #define HAVE_SYS_TIME_H 1
| #define HAVE_UNISTD_H 1
| /* end confdefs.h.  */
| 
| #if HAVE_SYS_TYPES_H
| # include <sys/types.h>
| #endif
| #include <sys/socket.h>
| 
| int
| main (void)
| {
| if (sizeof ((socklen_t)))
| 	    return 0;
|   ;
|   return 0;
| }
configure:18720: result: yes
configure:18743: checking for _Bool
configure:18743: g++ -c -g -O2  conftest.cpp >&5
conftest.cpp: In function 'int main()':
conftest.cpp:63:13: error: '_Bool' was not declared in this scope
   63 | if (sizeof (_Bool))
      |             ^~~~~
configure:18743: $? = 1
configure: failed program was:
| /* confdefs.h */
| #define PACKAGE_NAME "librcsc"
| #define PACKAGE_TARNAME "librcsc"
| #define PACKAGE_VERSION "2024"
| #define PACKAGE_STRING "librcsc 2024"
| #define PACKAGE_BUGREPORT "akky@users.sourceforge.jp"
| #define PACKAGE_URL ""
| #define PACKAGE "librcsc"
| #define VERSION "2024"
| #define HAVE_STDIO_H 1
| #define HAVE_STDLIB_H 1
| #define HAVE_STRING_H 1
| #define HAVE_INTTYPES_H 1
| #define HAVE_STDINT_H 1
| #define HAVE_STRINGS_H 1
| #define HAVE_SYS_STAT_H 1
| #define HAVE_SYS_TYPES_H 1
| #define HAVE_UNISTD_H 1
| #define STDC_HEADERS 1
| #define HAVE_DLFCN_H 1
| #define LT_OBJDIR ".libs/"
| #define HAVE_LIBZ 1
| #define HAVE_ARPA_INET_H 1
| #define HAVE_FCNTL_H 1
| #define HAVE_NETINET_IN_H 1
| #define HAVE_NETDB_H 1
| #define HAVE_SYS_SOCKET_H 1
| #define HAVE_SYS_TIME_H 1
| #define HAVE_UNISTD_H 1
| #define HAVE_SOCKLEN_T 1
| /* end confdefs.h.  */
| #include <stddef.h>
| #ifdef HAVE_STDIO_H
| # include <stdio.h>
| #endif
| #ifdef HAVE_STDLIB_H
| # include <stdlib.h>
| #endif
| #ifdef HAVE_STRING_H
| # include <string.h>
| #endif
| #ifdef HAVE_INTTYPES_H
| # include <inttypes.h>
| #endif
| #ifdef HAVE_STDINT_H
| # include <stdint.h>
| #endif
| #ifdef HAVE_STRINGS_H
| # include <strings.h>
| #endif
| #ifdef HAVE_SYS_TYPES_H
| # include <sys/types.h>
| #endif
| #ifdef HAVE_SYS_STAT_H
| # include <sys/stat.h>
| #endif
| #ifdef HAVE_UNISTD_H
| # include <unistd.h>
| #endif
| int
| main (void)
| {
| if (sizeof (_Bool))
| 	 return 0;
|   ;
|   return 0;
| }
configure:18743: result: no
configure:18752: checking for stdbool.h that conforms to C99
configure:18868: g++ -c -g -O2  conftest.cpp >&5
configure:18868: $? = 0
configure:18876: result: yes
configure:18885: checking for an ANSI C-conforming const
configure:18952: g++ -c -g -O2  conftest.cpp >&5
configure:18952: $? = 0
configure:18960: result: yes
configure:18968: checking for inline
configure:18985: g++ -c -g -O2  conftest.cpp >&5
configure:18985: $? = 0
configure:18994: result: inline
configure:19016: checking for size_t
configure:19016: g++ -c -g -O2  conftest.cpp >&5
configure:19016: $? = 0
configure:19016: g++ -c -g -O2  conftest.cpp >&5
conftest.cpp: In function 'int main()':
conftest.cpp:64:20: error: expected primary-expression before ')' token
   64 | if (sizeof ((size_t)))
      |                    ^
configure:19016: $? = 1
configure: failed program was:
| /* confdefs.h */
| #define PACKAGE_NAME "librcsc"
| #define PACKAGE_TARNAME "librcsc"
| #define PACKAGE_VERSION "2024"
| #define PACKAGE_STRING "librcsc 2024"
| #define PACKAGE_BUGREPORT "akky@users.sourceforge.jp"
| #define PACKAGE_URL ""
| #define PACKAGE "librcsc"
| #define VERSION "2024"
| #define HAVE_STDIO_H 1
| #define HAVE_STDLIB_H 1
| #define HAVE_STRING_H 1
| #define HAVE_INTTYPES_H 1
| #define HAVE_STDINT_H 1
| #define HAVE_STRINGS_H 1
| #define HAVE_SYS_STAT_H 1
| #define HAVE_SYS_TYPES_H 1
| #define HAVE_UNISTD_H 1
| #define STDC_HEADERS 1
| #define HAVE_DLFCN_H 1
| #define LT_OBJDIR ".libs/"
| #define HAVE_LIBZ 1
| #define HAVE_ARPA_INET_H 1
| #define HAVE_FCNTL_H 1
| #define HAVE_NETINET_IN_H 1
| #define HAVE_NETDB_H 1
| #define HAVE_SYS_SOCKET_H 1
| #define HAVE_SYS_TIME_H 1
| #define HAVE_UNISTD_H 1
| #define HAVE_SOCKLEN_T 1
| #define HAVE_STDBOOL_H 1
| /* end confdefs.h.  */
| #include <stddef.h>
| #ifdef HAVE_STDIO_H
| # include <stdio.h>
| #endif
| #ifdef HAVE_STDLIB_H
| # include <stdlib.h>
| #endif
| #ifdef HAVE_STRING_H
| # include <string.h>
| #endif
| #ifdef HAVE_INTTYPES_H
| # include <inttypes.h>
| #endif
| #ifdef HAVE_STDINT_H
| # include <stdint.h>
| #endif
| #ifdef HAVE_STRINGS_H
| # include <strings.h>
| #endif
| #ifdef HAVE_SYS_TYPES_H
| # include <sys/types.h>
| #endif
| #ifdef HAVE_SYS_STAT_H
| # include <sys/stat.h>
| #endif
| #ifdef HAVE_UNISTD_H
| # include <unistd.h>
| #endif
| int
| main (void)
| {
| if (sizeof ((size_t)))
| 	    return 0;
|   ;
|   return 0;
| }
configure:19016: result: yes
configure:19032: checking for GNU libc compatible malloc
configure:19064: g++ -o conftest -g -O2   conftest.cpp -lz -lm  >&5
configure:19064: $? = 0
configure:19064: ./conftest
configure:19064: $? = 0
configure:19075: result: yes
configure:19097: checking for GNU libc compatible realloc
configure:19129: g++ -o conftest -g -O2   conftest.cpp -lz -lm  >&5
configure:19129: $? = 0
configure:19129: ./conftest
configure:19129: $? = 0
configure:19140: result: yes
configure:19166: checking for sys/select.h
configure:19166: g++ -c -g -O2  conftest.cpp >&5
configure:19166: $? = 0
configure:19166: result: yes
configure:19166: checking for sys/socket.h
configure:19166: result: yes
configure:19179: checking types of arguments for select
configure:19209: g++ -c -g -O2  conftest.cpp >&5
configure:19209: $? = 0
configure:19219: result: int,fd_set *,struct timeval *
configure:19236: checking for working strtod
configure:19279: g++ -o conftest -g -O2   conftest.cpp -lz -lm  >&5
conftest.cpp: In function 'int main()':
conftest.cpp:77:20: warning: ISO C++ forbids converting a string constant to 'char*' [-Wwrite-strings]
   77 |     char *string = " +69";
      |                    ^~~~~~
conftest.cpp:88:20: warning: ISO C++ forbids converting a string constant to 'char*' [-Wwrite-strings]
   88 |     char *string = "NaN";
      |                    ^~~~~
configure:19279: $? = 0
configure:19279: ./conftest
configure:19279: $? = 0
configure:19290: result: yes
configure:19356: checking for vprintf
configure:19356: g++ -o conftest -g -O2   conftest.cpp -lz -lm  >&5
conftest.cpp:56:6: warning: declaration of 'char vprintf()' conflicts with built-in declaration 'int vprintf(const char*, __va_list_tag*)' [-Wbuiltin-declaration-mismatch]
   56 | char vprintf ();
      |      ^~~~~~~
configure:19356: $? = 0
configure:19356: result: yes
configure:19377: checking for floor
configure:19377: g++ -o conftest -g -O2   conftest.cpp -lz -lm  >&5
conftest.cpp:57:6: warning: declaration of 'char floor()' conflicts with built-in declaration 'double floor(double)' [-Wbuiltin-declaration-mismatch]
   57 | char floor ();
      |      ^~~~~
configure:19377: $? = 0
configure:19377: result: yes
configure:19383: checking for inet_addr
configure:19383: g++ -o conftest -g -O2   conftest.cpp -lz -lm  >&5
configure:19383: $? = 0
configure:19383: result: yes
configure:19389: checking for getaddrinfo
configure:19389: g++ -o conftest -g -O2   conftest.cpp -lz -lm  >&5
configure:19389: $? = 0
configure:19389: result: yes
configure:19395: checking for gethostbyname
configure:19395: g++ -o conftest -g -O2   conftest.cpp -lz -lm  >&5
configure:19395: $? = 0
configure:19395: result: yes
configure:19401: checking for gettimeofday
configure:19401: g++ -o conftest -g -O2   conftest.cpp -lz -lm  >&5
configure:19401: $? = 0
configure:19401: result: yes
configure:19408: checking for memset
configure:19408: g++ -o conftest -g -O2   conftest.cpp -lz -lm  >&5
conftest.cpp:62:6: warning: declaration of 'char memset()' conflicts with built-in declaration 'void* memset(void*, int, long unsigned int)' [-Wbuiltin-declaration-mismatch]
   62 | char memset ();
      |      ^~~~~~
configure:19408: $? = 0
configure:19408: result: yes
configure:19414: checking for pow
configure:19414: g++ -o conftest -g -O2   conftest.cpp -lz -lm  >&5
conftest.cpp:63:6: warning: declaration of 'char pow()' conflicts with built-in declaration 'double pow(double, double)' [-Wbuiltin-declaration-mismatch]
   63 | char pow ();
      |      ^~~
configure:19414: $? = 0
configure:19414: result: yes
configure:19420: checking for rint
configure:19420: g++ -o conftest -g -O2   conftest.cpp -lz -lm  >&5
conftest.cpp:64:6: warning: declaration of 'char rint()' conflicts with built-in declaration 'double rint(double)' [-Wbuiltin-declaration-mismatch]
   64 | char rint ();
      |      ^~~~
configure:19420: $? = 0
configure:19420: result: yes
configure:19426: checking for select
configure:19426: g++ -o conftest -g -O2   conftest.cpp -lz -lm  >&5
configure:19426: $? = 0
configure:19426: result: yes
configure:19432: checking for socket
configure:19432: g++ -o conftest -g -O2   conftest.cpp -lz -lm  >&5
configure:19432: $? = 0
configure:19432: result: yes
configure:19438: checking for sqrt
configure:19438: g++ -o conftest -g -O2   conftest.cpp -lz -lm  >&5
conftest.cpp:67:6: warning: declaration of 'char sqrt()' conflicts with built-in declaration 'double sqrt(double)' [-Wbuiltin-declaration-mismatch]
   67 | char sqrt ();
      |      ^~~~
configure:19438: $? = 0
configure:19438: result: yes
configure:19444: checking for strerror
configure:19444: g++ -o conftest -g -O2   conftest.cpp -lz -lm  >&5
configure:19444: $? = 0
configure:19444: result: yes
configure:19450: checking for strtol
configure:19450: g++ -o conftest -g -O2   conftest.cpp -lz -lm  >&5
configure:19450: $? = 0
configure:19450: result: yes
configure:19483: checking whether g++ supports C++17 features with -std=c++17
configure:20284: g++ -std=c++17 -c -g -O2  conftest.cpp >&5
configure:20284: $? = 0
configure:20294: result: yes
configure:20491: checking for boostlib >= 1.41.0 (104100)
configure:20523: g++ -std=c++17 -c -g -O2  -I/usr/include conftest.cpp >&5
configure:20523: $? = 0
configure:20526: result: yes
configure:20720: checking whether the Boost::System library is available
configure:20746: g++ -std=c++17 -c   -I/usr/include conftest.cpp >&5
configure:20746: $? = 0
configure:20762: result: yes
configure:20777: checking for exit in -lboost_system
configure:20799: g++ -std=c++17 -o conftest -g -O2  -I/usr/include  -L/usr/lib/x86_64-linux-gnu conftest.cpp -lboost_system  -lz -lm  >&5
configure:20799: $? = 0
configure:20810: result: yes
configure:21175: checking for doxygen
configure:21215: result: no
configure:21222: checking for dot
configure:21255: result: NO
configure:21372: checking that generated files are newer than configure
configure:21378: result: done
configure:21429: creating ./config.status

## ---------------------- ##
## Running config.status. ##
## ---------------------- ##

This file was extended by librcsc config.status 2024, which was
generated by GNU Autoconf 2.71.  Invocation command line was

  CONFIG_FILES    = 
  CONFIG_HEADERS  = 
  CONFIG_LINKS    = 
  CONFIG_COMMANDS = 
  $ ./config.status 

on codespaces-42f768

config.status:1217: creating Doxyfile
config.status:1217: creating librcsc.pc
config.status:1217: creating librcsc.spec
config.status:1217: creating librcsc-config
config.status:1217: creating librcscenv
config.status:1217: creating Makefile
config.status:1217: creating rcsc/Makefile
config.status:1217: creating rcsc/ann/Makefile
config.status:1217: creating rcsc/clang/Makefile
config.status:1217: creating rcsc/color/Makefile
config.status:1217: creating rcsc/geom/Makefile
config.status:1217: creating rcsc/geom/triangle/Makefile
config.status:1217: creating rcsc/gz/Makefile
config.status:1217: creating rcsc/monitor/Makefile
config.status:1217: creating rcsc/net/Makefile
config.status:1217: creating rcsc/param/Makefile
config.status:1217: creating rcsc/rcg/Makefile
config.status:1217: creating rcsc/time/Makefile
config.status:1217: creating rcsc/util/Makefile
config.status:1217: creating rcsc/common/Makefile
config.status:1217: creating rcsc/player/Makefile
config.status:1217: creating rcsc/formation/Makefile
config.status:1217: creating rcsc/coach/Makefile
config.status:1217: creating rcsc/trainer/Makefile
config.status:1217: creating example/Makefile
config.status:1217: creating src/Makefile
config.status:1217: creating config.h
config.status:1446: executing depfiles commands
config.status:1523: cd rcsc/ann       && sed -e '/# am--include-marker/d' Makefile         | make -f - am--depfiles
config.status:1528: $? = 0
config.status:1523: cd rcsc/clang       && sed -e '/# am--include-marker/d' Makefile         | make -f - am--depfiles
config.status:1528: $? = 0
config.status:1523: cd rcsc/color       && sed -e '/# am--include-marker/d' Makefile         | make -f - am--depfiles
config.status:1528: $? = 0
config.status:1523: cd rcsc/geom       && sed -e '/# am--include-marker/d' Makefile         | make -f - am--depfiles
config.status:1528: $? = 0
config.status:1523: cd rcsc/geom/triangle       && sed -e '/# am--include-marker/d' Makefile         | make -f - am--depfiles
config.status:1528: $? = 0
config.status:1523: cd rcsc/gz       && sed -e '/# am--include-marker/d' Makefile         | make -f - am--depfiles
config.status:1528: $? = 0
config.status:1523: cd rcsc/monitor       && sed -e '/# am--include-marker/d' Makefile         | make -f - am--depfiles
config.status:1528: $? = 0
config.status:1523: cd rcsc/net       && sed -e '/# am--include-marker/d' Makefile         | make -f - am--depfiles
config.status:1528: $? = 0
config.status:1523: cd rcsc/param       && sed -e '/# am--include-marker/d' Makefile         | make -f - am--depfiles
config.status:1528: $? = 0
config.status:1523: cd rcsc/rcg       && sed -e '/# am--include-marker/d' Makefile         | make -f - am--depfiles
config.status:1528: $? = 0
config.status:1523: cd rcsc/time       && sed -e '/# am--include-marker/d' Makefile         | make -f - am--depfiles
config.status:1528: $? = 0
config.status:1523: cd rcsc/util       && sed -e '/# am--include-marker/d' Makefile         | make -f - am--depfiles
config.status:1528: $? = 0
config.status:1523: cd rcsc/common       && sed -e '/# am--include-marker/d' Makefile         | make -f - am--depfiles
config.status:1528: $? = 0
config.status:1523: cd rcsc/player       && sed -e '/# am--include-marker/d' Makefile         | make -f - am--depfiles
config.status:1528: $? = 0
config.status:1523: cd rcsc/formation       && sed -e '/# am--include-marker/d' Makefile         | make -f - am--depfiles
config.status:1528: $? = 0
config.status:1523: cd rcsc/coach       && sed -e '/# am--include-marker/d' Makefile         | make -f - am--depfiles
config.status:1528: $? = 0
config.status:1523: cd rcsc/trainer       && sed -e '/# am--include-marker/d' Makefile         | make -f - am--depfiles
config.status:1528: $? = 0
config.status:1523: cd example       && sed -e '/# am--include-marker/d' Makefile         | make -f - am--depfiles
config.status:1528: $? = 0
config.status:1523: cd src       && sed -e '/# am--include-marker/d' Makefile         | make -f - am--depfiles
config.status:1528: $? = 0
config.status:1446: executing libtool commands

## ---------------- ##
## Cache variables. ##
## ---------------- ##

ac_cv_build=x86_64-pc-linux-gnu
ac_cv_c_compiler_gnu=yes
ac_cv_c_const=yes
ac_cv_c_inline=inline
ac_cv_cxx_compiler_gnu=yes
ac_cv_env_CCC_set=
ac_cv_env_CCC_value=
ac_cv_env_CC_set=
ac_cv_env_CC_value=
ac_cv_env_CFLAGS_set=
ac_cv_env_CFLAGS_value=
ac_cv_env_CPPFLAGS_set=
ac_cv_env_CPPFLAGS_value=
ac_cv_env_CPP_set=
ac_cv_env_CPP_value=
ac_cv_env_CXXCPP_set=
ac_cv_env_CXXCPP_value=
ac_cv_env_CXXFLAGS_set=
ac_cv_env_CXXFLAGS_value=
ac_cv_env_CXX_set=
ac_cv_env_CXX_value=
ac_cv_env_LDFLAGS_set=
ac_cv_env_LDFLAGS_value=
ac_cv_env_LIBS_set=
ac_cv_env_LIBS_value=
ac_cv_env_LT_SYS_LIBRARY_PATH_set=
ac_cv_env_LT_SYS_LIBRARY_PATH_value=
ac_cv_env_build_alias_set=
ac_cv_env_build_alias_value=
ac_cv_env_host_alias_set=
ac_cv_env_host_alias_value=
ac_cv_env_target_alias_set=
ac_cv_env_target_alias_value=
ac_cv_func_floor=yes
ac_cv_func_getaddrinfo=yes
ac_cv_func_gethostbyname=yes
ac_cv_func_gettimeofday=yes
ac_cv_func_inet_addr=yes
ac_cv_func_malloc_0_nonnull=yes
ac_cv_func_memset=yes
ac_cv_func_pow=yes
ac_cv_func_realloc_0_nonnull=yes
ac_cv_func_rint=yes
ac_cv_func_select=yes
ac_cv_func_select_args='int,fd_set *,struct timeval *'
ac_cv_func_socket=yes
ac_cv_func_sqrt=yes
ac_cv_func_strerror=yes
ac_cv_func_strtod=yes
ac_cv_func_strtol=yes
ac_cv_func_vprintf=yes
ac_cv_header_arpa_inet_h=yes
ac_cv_header_dlfcn_h=yes
ac_cv_header_fcntl_h=yes
ac_cv_header_inttypes_h=yes
ac_cv_header_netdb_h=yes
ac_cv_header_netinet_in_h=yes
ac_cv_header_stdbool_h=yes
ac_cv_header_stdint_h=yes
ac_cv_header_stdio_h=yes
ac_cv_header_stdlib_h=yes
ac_cv_header_string_h=yes
ac_cv_header_strings_h=yes
ac_cv_header_sys_select_h=yes
ac_cv_header_sys_socket_h=yes
ac_cv_header_sys_stat_h=yes
ac_cv_header_sys_time_h=yes
ac_cv_header_sys_types_h=yes
ac_cv_header_unistd_h=yes
ac_cv_host=x86_64-pc-linux-gnu
ac_cv_lib_boost_system_exit=yes
ac_cv_lib_m_cos=yes
ac_cv_lib_z_deflate=yes
ac_cv_objext=o
ac_cv_path_EGREP='/usr/bin/grep -E'
ac_cv_path_FGREP='/usr/bin/grep -F'
ac_cv_path_GREP=/usr/bin/grep
ac_cv_path_SED=/usr/bin/sed
ac_cv_path_install='/usr/bin/install -c'
ac_cv_path_lt_DD=/usr/bin/dd
ac_cv_path_mkdir=/usr/bin/mkdir
ac_cv_prog_AWK=mawk
ac_cv_prog_CPP='gcc -E'
ac_cv_prog_CXXCPP='g++ -E'
ac_cv_prog_HAVE_DOT=NO
ac_cv_prog_ac_ct_AR=ar
ac_cv_prog_ac_ct_CC=gcc
ac_cv_prog_ac_ct_CXX=g++
ac_cv_prog_ac_ct_OBJDUMP=objdump
ac_cv_prog_ac_ct_RANLIB=ranlib
ac_cv_prog_ac_ct_STRIP=strip
ac_cv_prog_cc_c11=
ac_cv_prog_cc_g=yes
ac_cv_prog_cc_stdc=
ac_cv_prog_cxx_11=no
ac_cv_prog_cxx_cxx11=
ac_cv_prog_cxx_g=yes
ac_cv_prog_cxx_stdcxx=
ac_cv_prog_make_make_set=yes
ac_cv_type__Bool=no
ac_cv_type_size_t=yes
ac_cv_type_socklen_t=yes
am_cv_CC_dependencies_compiler_type=gcc3
am_cv_CXX_dependencies_compiler_type=gcc3
am_cv_make_support_nested_variables=yes
am_cv_prog_cc_c_o=yes
ax_cv_boost_system=yes
ax_cv_cxx_compile_cxx17__std_cpp17=yes
lt_cv_ar_at_file=@
lt_cv_archive_cmds_need_lc=no
lt_cv_deplibs_check_method=pass_all
lt_cv_file_magic_cmd='$MAGIC_CMD'
lt_cv_file_magic_test_file=
lt_cv_ld_reload_flag=-r
lt_cv_nm_interface='BSD nm'
lt_cv_objdir=.libs
lt_cv_path_LD=/usr/bin/ld
lt_cv_path_LDCXX='/usr/bin/ld -m elf_x86_64'
lt_cv_path_NM='/usr/bin/nm -B'
lt_cv_path_mainfest_tool=no
lt_cv_prog_compiler_c_o=yes
lt_cv_prog_compiler_c_o_CXX=yes
lt_cv_prog_compiler_pic='-fPIC -DPIC'
lt_cv_prog_compiler_pic_CXX='-fPIC -DPIC'
lt_cv_prog_compiler_pic_works=yes
lt_cv_prog_compiler_pic_works_CXX=yes
lt_cv_prog_compiler_rtti_exceptions=no
lt_cv_prog_compiler_static_works=yes
lt_cv_prog_compiler_static_works_CXX=yes
lt_cv_prog_gnu_ld=yes
lt_cv_prog_gnu_ldcxx=yes
lt_cv_sharedlib_from_linklib_cmd='printf %s\n'
lt_cv_shlibpath_overrides_runpath=yes
lt_cv_sys_global_symbol_pipe='sed -n -e '\''s/^.*[	 ]\([ABCDGIRSTW][ABCDGIRSTW]*\)[	 ][	 ]*\([_A-Za-z][_A-Za-z0-9]*\)$/\1 \2 \2/p'\'' | sed '\''/ __gnu_lto/d'\'''
lt_cv_sys_global_symbol_to_c_name_address='sed -n -e '\''s/^: \(.*\) .*$/  {"\1", (void *) 0},/p'\'' -e '\''s/^[ABCDGIRSTW][ABCDGIRSTW]* .* \(.*\)$/  {"\1", (void *) \&\1},/p'\'''
lt_cv_sys_global_symbol_to_c_name_address_lib_prefix='sed -n -e '\''s/^: \(.*\) .*$/  {"\1", (void *) 0},/p'\'' -e '\''s/^[ABCDGIRSTW][ABCDGIRSTW]* .* \(lib.*\)$/  {"\1", (void *) \&\1},/p'\'' -e '\''s/^[ABCDGIRSTW][ABCDGIRSTW]* .* \(.*\)$/  {"lib\1", (void *) \&\1},/p'\'''
lt_cv_sys_global_symbol_to_cdecl='sed -n -e '\''s/^T .* \(.*\)$/extern int \1();/p'\'' -e '\''s/^[ABCDGIRSTW][ABCDGIRSTW]* .* \(.*\)$/extern char \1;/p'\'''
lt_cv_sys_global_symbol_to_import=
lt_cv_sys_max_cmd_len=1572864
lt_cv_to_host_file_cmd=func_convert_file_noop
lt_cv_to_tool_file_cmd=func_convert_file_noop
lt_cv_truncate_bin='/usr/bin/dd bs=4096 count=1'

## ----------------- ##
## Output variables. ##
## ----------------- ##

ACLOCAL='${SHELL} '\''/workspaces/robocup-simulation/librcsc/config/missing'\'' aclocal-1.16'
AMDEPBACKSLASH='\'
AMDEP_FALSE='#'
AMDEP_TRUE=''
AMTAR='$${TAR-tar}'
AM_BACKSLASH='\'
AM_DEFAULT_V='$(AM_DEFAULT_VERBOSITY)'
AM_DEFAULT_VERBOSITY='1'
AM_V='$(V)'
AR='ar'
AUTOCONF='${SHELL} '\''/workspaces/robocup-simulation/librcsc/config/missing'\'' autoconf'
AUTOHEADER='${SHELL} '\''/workspaces/robocup-simulation/librcsc/config/missing'\'' autoheader'
AUTOMAKE='${SHELL} '\''/workspaces/robocup-simulation/librcsc/config/missing'\'' automake-1.16'
AWK='mawk'
BOOST_CPPFLAGS='-I/usr/include'
BOOST_LDFLAGS='-L/usr/lib/x86_64-linux-gnu'
BOOST_SYSTEM_LIB='-lboost_system'
BUILD_EXAMPLE_FALSE=''
BUILD_EXAMPLE_TRUE='#'
CC='gcc'
CCDEPMODE='depmode=gcc3'
CFLAGS='-g -O2'
CPP='gcc -E'
CPPFLAGS=' -I/usr/include'
CPPUNIT_CFLAGS=''
CPPUNIT_CONFIG=''
CPPUNIT_LIBS=''
CSCOPE='cscope'
CTAGS='ctags'
CXX='g++ -std=c++17'
CXXCPP='g++ -E -std=c++17'
CXXDEPMODE='depmode=gcc3'
CXXFLAGS='-g -O2'
CYGPATH_W='echo'
DEFS='-DHAVE_CONFIG_H'
DEPDIR='.deps'
DLLTOOL='false'
DOXYGEN=''
DSYMUTIL=''
DUMPBIN=''
ECHO_C=''
ECHO_N='-n'
ECHO_T=''
EGREP='/usr/bin/grep -E'
ETAGS='etags'
EXEEXT=''
FGREP='/usr/bin/grep -F'
GREP='/usr/bin/grep'
HAVE_CXX17='1'
HAVE_DOT='NO'
INSTALL_DATA='${INSTALL} -m 644'
INSTALL_PROGRAM='${INSTALL}'
INSTALL_SCRIPT='${INSTALL}'
INSTALL_STRIP_PROGRAM='$(install_sh) -c -s'
LD='/usr/bin/ld -m elf_x86_64'
LDFLAGS=' -L/usr/lib/x86_64-linux-gnu'
LIBOBJS=''
LIBS='-lz -lm '
LIBTOOL='$(SHELL) $(top_builddir)/libtool'
LIBTOOL_DEPS='./config//ltmain.sh'
LIPO=''
LN_S='ln -s'
LTLIBOBJS=''
LT_SYS_LIBRARY_PATH=''
MAKEINFO='${SHELL} '\''/workspaces/robocup-simulation/librcsc/config/missing'\'' makeinfo'
MANIFEST_TOOL=':'
MKDIR_P='/usr/bin/mkdir -p'
NM='/usr/bin/nm -B'
NMEDIT=''
OBJDUMP='objdump'
OBJEXT='o'
OTOOL64=''
OTOOL=''
PACKAGE='librcsc'
PACKAGE_BUGREPORT='akky@users.sourceforge.jp'
PACKAGE_NAME='librcsc'
PACKAGE_STRING='librcsc 2024'
PACKAGE_TARNAME='librcsc'
PACKAGE_URL=''
PACKAGE_VERSION='2024'
PATH_SEPARATOR=':'
POW_LIB=''
RANLIB='ranlib'
SED='/usr/bin/sed'
SET_MAKE=''
SHELL='/bin/bash'
STRIP='strip'
UNIT_TEST_FALSE=''
UNIT_TEST_TRUE='#'
VERSION='2024'
ac_ct_AR='ar'
ac_ct_CC='gcc'
ac_ct_CXX='g++'
ac_ct_DUMPBIN=''
am__EXEEXT_FALSE=''
am__EXEEXT_TRUE='#'
am__fastdepCC_FALSE='#'
am__fastdepCC_TRUE=''
am__fastdepCXX_FALSE='#'
am__fastdepCXX_TRUE=''
am__include='include'
am__isrc=''
am__leading_dot='.'
am__nodep='_no'
am__quote=''
am__tar='$${TAR-tar} chof - "$$tardir"'
am__untar='$${TAR-tar} xf -'
bindir='${exec_prefix}/bin'
build='x86_64-pc-linux-gnu'
build_alias=''
build_cpu='x86_64'
build_os='linux-gnu'
build_vendor='pc'
datadir='${datarootdir}'
datarootdir='${prefix}/share'
docdir='${datarootdir}/doc/${PACKAGE_TARNAME}'
dvidir='${docdir}'
exec_prefix='${prefix}'
host='x86_64-pc-linux-gnu'
host_alias=''
host_cpu='x86_64'
host_os='linux-gnu'
host_vendor='pc'
htmldir='${docdir}'
includedir='${prefix}/include'
infodir='${datarootdir}/info'
install_sh='${SHELL} /workspaces/robocup-simulation/librcsc/config/install-sh'
libdir='${exec_prefix}/lib'
libexecdir='${exec_prefix}/libexec'
localedir='${datarootdir}/locale'
localstatedir='${prefix}/var'
mandir='${datarootdir}/man'
mkdir_p='$(MKDIR_P)'
oldincludedir='/usr/include'
pdfdir='${docdir}'
prefix='/workspaces/robocup-simulation/installs'
program_transform_name='s,x,x,'
psdir='${docdir}'
runstatedir='${localstatedir}/run'
sbindir='${exec_prefix}/sbin'
sharedstatedir='${prefix}/com'
sysconfdir='${prefix}/etc'
target_alias=''

## ----------- ##
## confdefs.h. ##
## ----------- ##

/* confdefs.h */
#define PACKAGE_NAME "librcsc"
#define PACKAGE_TARNAME "librcsc"
#define PACKAGE_VERSION "2024"
#define PACKAGE_STRING "librcsc 2024"
#define PACKAGE_BUGREPORT "akky@users.sourceforge.jp"
#define PACKAGE_URL ""
#define PACKAGE "librcsc"
#define VERSION "2024"
#define HAVE_STDIO_H 1
#define HAVE_STDLIB_H 1
#define HAVE_STRING_H 1
#define HAVE_INTTYPES_H 1
#define HAVE_STDINT_H 1
#define HAVE_STRINGS_H 1
#define HAVE_SYS_STAT_H 1
#define HAVE_SYS_TYPES_H 1
#define HAVE_UNISTD_H 1
#define STDC_HEADERS 1
#define HAVE_DLFCN_H 1
#define LT_OBJDIR ".libs/"
#define HAVE_LIBZ 1
#define HAVE_ARPA_INET_H 1
#define HAVE_FCNTL_H 1
#define HAVE_NETINET_IN_H 1
#define HAVE_NETDB_H 1
#define HAVE_SYS_SOCKET_H 1
#define HAVE_SYS_TIME_H 1
#define HAVE_UNISTD_H 1
#define HAVE_SOCKLEN_T 1
#define HAVE_STDBOOL_H 1
#define HAVE_MALLOC 1
#define HAVE_REALLOC 1
#define HAVE_SYS_SELECT_H 1
#define HAVE_SYS_SOCKET_H 1
#define SELECT_TYPE_ARG1 int
#define SELECT_TYPE_ARG234 (fd_set *)
#define SELECT_TYPE_ARG5 (struct timeval *)
#define HAVE_VPRINTF 1
#define HAVE_FLOOR 1
#define HAVE_INET_ADDR 1
#define HAVE_GETADDRINFO 1
#define HAVE_GETHOSTBYNAME 1
#define HAVE_GETTIMEOFDAY 1
#define HAVE_MEMSET 1
#define HAVE_POW 1
#define HAVE_RINT 1
#define HAVE_SELECT 1
#define HAVE_SOCKET 1
#define HAVE_SQRT 1
#define HAVE_STRERROR 1
#define HAVE_STRTOL 1
#define HAVE_CXX17 1
#define HAVE_BOOST /**/
#define HAVE_BOOST_SYSTEM /**/

configure: exit 0
